DEBUG:faker.factory:Looking for locale `fr_FR` in provider `faker.providers.address`.
DEBUG:faker.factory:Provider `faker.providers.address` has been localized to `fr_FR`.
DEBUG:faker.factory:Looking for locale `fr_FR` in provider `faker.providers.automotive`.
DEBUG:faker.factory:Provider `faker.providers.automotive` has been localized to `fr_FR`.
DEBUG:faker.factory:Looking for locale `fr_FR` in provider `faker.providers.bank`.
DEBUG:faker.factory:Provider `faker.providers.bank` has been localized to `fr_FR`.
DEBUG:faker.factory:Looking for locale `fr_FR` in provider `faker.providers.barcode`.
DEBUG:faker.factory:Specified locale `fr_FR` is not available for provider `faker.providers.barcode`. Locale reset to `en_US` for this provider.
DEBUG:faker.factory:Looking for locale `fr_FR` in provider `faker.providers.color`.
DEBUG:faker.factory:Provider `faker.providers.color` has been localized to `fr_FR`.
DEBUG:faker.factory:Looking for locale `fr_FR` in provider `faker.providers.company`.
DEBUG:faker.factory:Provider `faker.providers.company` has been localized to `fr_FR`.
DEBUG:faker.factory:Looking for locale `fr_FR` in provider `faker.providers.credit_card`.
DEBUG:faker.factory:Specified locale `fr_FR` is not available for provider `faker.providers.credit_card`. Locale reset to `en_US` for this provider.
DEBUG:faker.factory:Looking for locale `fr_FR` in provider `faker.providers.currency`.
DEBUG:faker.factory:Provider `faker.providers.currency` has been localized to `fr_FR`.
DEBUG:faker.factory:Looking for locale `fr_FR` in provider `faker.providers.date_time`.
DEBUG:faker.factory:Provider `faker.providers.date_time` has been localized to `fr_FR`.
DEBUG:faker.factory:Provider `faker.providers.file` does not feature localization. Specified locale `fr_FR` is not utilized for this provider.
DEBUG:faker.factory:Looking for locale `fr_FR` in provider `faker.providers.geo`.
DEBUG:faker.factory:Specified locale `fr_FR` is not available for provider `faker.providers.geo`. Locale reset to `en_US` for this provider.
DEBUG:faker.factory:Looking for locale `fr_FR` in provider `faker.providers.internet`.
DEBUG:faker.factory:Provider `faker.providers.internet` has been localized to `fr_FR`.
DEBUG:faker.factory:Provider `faker.providers.isbn` does not feature localization. Specified locale `fr_FR` is not utilized for this provider.
DEBUG:faker.factory:Looking for locale `fr_FR` in provider `faker.providers.job`.
DEBUG:faker.factory:Provider `faker.providers.job` has been localized to `fr_FR`.
DEBUG:faker.factory:Looking for locale `fr_FR` in provider `faker.providers.lorem`.
DEBUG:faker.factory:Provider `faker.providers.lorem` has been localized to `fr_FR`.
DEBUG:faker.factory:Looking for locale `fr_FR` in provider `faker.providers.misc`.
DEBUG:faker.factory:Specified locale `fr_FR` is not available for provider `faker.providers.misc`. Locale reset to `en_US` for this provider.
DEBUG:faker.factory:Looking for locale `fr_FR` in provider `faker.providers.person`.
DEBUG:faker.factory:Provider `faker.providers.person` has been localized to `fr_FR`.
DEBUG:faker.factory:Looking for locale `fr_FR` in provider `faker.providers.phone_number`.
DEBUG:faker.factory:Provider `faker.providers.phone_number` has been localized to `fr_FR`.
DEBUG:faker.factory:Provider `faker.providers.profile` does not feature localization. Specified locale `fr_FR` is not utilized for this provider.
DEBUG:faker.factory:Provider `faker.providers.python` does not feature localization. Specified locale `fr_FR` is not utilized for this provider.
DEBUG:faker.factory:Looking for locale `fr_FR` in provider `faker.providers.ssn`.
DEBUG:faker.factory:Provider `faker.providers.ssn` has been localized to `fr_FR`.
DEBUG:faker.factory:Provider `faker.providers.user_agent` does not feature localization. Specified locale `fr_FR` is not utilized for this provider.
INFO:root:Genrating a list of 4 users.
INFO:root:Generating user.
INFO:root:Generating user.
INFO:root:Generating user.
INFO:root:Generating user.
